Release 14.7 - xst P.20131013 (nt)
Copyright (c) 1995-2013 Xilinx, Inc.  All rights reserved.
--> Parameter TMPDIR set to xst/projnav.tmp


Total REAL time to Xst completion: 0.00 secs
Total CPU time to Xst completion: 0.13 secs
 
--> Parameter xsthdpdir set to xst


Total REAL time to Xst completion: 0.00 secs
Total CPU time to Xst completion: 0.13 secs
 
--> Reading design: Delayline_BRAM.prj

TABLE OF CONTENTS
  1) Synthesis Options Summary
  2) HDL Compilation
  3) Design Hierarchy Analysis
  4) HDL Analysis
  5) HDL Synthesis
     5.1) HDL Synthesis Report
  6) Advanced HDL Synthesis
     6.1) Advanced HDL Synthesis Report
  7) Low Level Synthesis
  8) Partition Report
  9) Final Report
	9.1) Device utilization summary
	9.2) Partition Resource Summary
	9.3) TIMING REPORT


=========================================================================
*                      Synthesis Options Summary                        *
=========================================================================
---- Source Parameters
Input File Name                    : "Delayline_BRAM.prj"
Input Format                       : mixed
Ignore Synthesis Constraint File   : YES

---- Target Parameters
Output File Name                   : "Delayline_BRAM"
Output Format                      : NGC
Target Device                      : xc3s200a-5-vq100

---- Source Options
Top Module Name                    : Delayline_BRAM
Automatic FSM Extraction           : YES
FSM Encoding Algorithm             : Auto
Safe Implementation                : No
FSM Style                          : LUT
RAM Extraction                     : Yes
RAM Style                          : Auto
ROM Extraction                     : Yes
Mux Style                          : Auto
Decoder Extraction                 : YES
Priority Encoder Extraction        : Yes
Shift Register Extraction          : YES
Logical Shifter Extraction         : YES
XOR Collapsing                     : YES
ROM Style                          : Auto
Mux Extraction                     : Yes
Resource Sharing                   : YES
Asynchronous To Synchronous        : NO
Multiplier Style                   : Auto
Automatic Register Balancing       : Yes

---- Target Options
Add IO Buffers                     : YES
Global Maximum Fanout              : 500
Add Generic Clock Buffer(BUFG)     : 24
Register Duplication               : YES
Move First FlipFlop Stage          : YES
Move Last FlipFlop Stage           : YES
Slice Packing                      : YES
Optimize Instantiated Primitives   : NO
Use Clock Enable                   : Yes
Use Synchronous Set                : Yes
Use Synchronous Reset              : Yes
Pack IO Registers into IOBs        : True
Equivalent register Removal        : YES

---- General Options
Optimization Goal                  : Speed
Optimization Effort                : 2
Keep Hierarchy                     : No
Netlist Hierarchy                  : As_Optimized
RTL Output                         : Yes
Global Optimization                : AllClockNets
Read Cores                         : YES
Write Timing Constraints           : NO
Cross Clock Analysis               : NO
Hierarchy Separator                : /
Bus Delimiter                      : <>
Case Specifier                     : Maintain
Slice Utilization Ratio            : 100
BRAM Utilization Ratio             : 100
Verilog 2001                       : YES
Auto BRAM Packing                  : NO
Slice Utilization Ratio Delta      : 5

=========================================================================


=========================================================================
*                          HDL Compilation                              *
=========================================================================
Compiling vhdl file "D:/ADAT DeEncoder/ADAT_De-Encoder/DualAdressBRAM.vhd" in Library work.
Architecture blockram of Entity dualadress_bram is up to date.
Compiling vhdl file "D:/ADAT DeEncoder/ADAT_De-Encoder/Delayline_BRAM.vhd" in Library work.
Entity <delayline_bram> compiled.
Entity <delayline_bram> (Architecture <blockram>) compiled.

=========================================================================
*                     Design Hierarchy Analysis                         *
=========================================================================
Analyzing hierarchy for entity <Delayline_BRAM> in library <work> (architecture <blockram>) with generics.
	Addrbreite = 8
	Wortbreite = 8

Analyzing hierarchy for entity <DualAdress_BRAM> in library <work> (architecture <blockram>) with generics.
	Addrbreite = 8
	Wortbreite = 8


=========================================================================
*                            HDL Analysis                               *
=========================================================================
Analyzing generic Entity <Delayline_BRAM> in library <work> (Architecture <blockram>).
	Addrbreite = 8
	Wortbreite = 8
Entity <Delayline_BRAM> analyzed. Unit <Delayline_BRAM> generated.

Analyzing generic Entity <DualAdress_BRAM> in library <work> (Architecture <blockram>).
	Addrbreite = 8
	Wortbreite = 8
INFO:Xst:1607 - Contents of array <memory> may be accessed with an index that does not cover the full array size.
INFO:Xst:1607 - Contents of array <memory> may be accessed with an index that does not cover the full array size.
Entity <DualAdress_BRAM> analyzed. Unit <DualAdress_BRAM> generated.


=========================================================================
*                           HDL Synthesis                               *
=========================================================================

Performing bidirectional port resolution...

Synthesizing Unit <DualAdress_BRAM>.
    Related source file is "D:/ADAT DeEncoder/ADAT_De-Encoder/DualAdressBRAM.vhd".
    Found 8x8-bit dual-port RAM <Mram_memory> for signal <memory>.
    Found 8-bit register for signal <Dout>.
    Summary:
	inferred   1 RAM(s).
	inferred   8 D-type flip-flop(s).
Unit <DualAdress_BRAM> synthesized.


Synthesizing Unit <Delayline_BRAM>.
    Related source file is "D:/ADAT DeEncoder/ADAT_De-Encoder/Delayline_BRAM.vhd".
WARNING:Xst:647 - Input <delay> is never used. This port will be preserved and left unconnected if it belongs to a top-level block or it belongs to a sub-block and the hierarchy of this sub-block is preserved.
WARNING:Xst:653 - Signal <AddrWrite> is used but never assigned. This sourceless signal will be automatically connected to value 000.
WARNING:Xst:653 - Signal <AddrRead> is used but never assigned. This sourceless signal will be automatically connected to value 000.
Unit <Delayline_BRAM> synthesized.


=========================================================================
HDL Synthesis Report

Macro Statistics
# RAMs                                                 : 1
 8x8-bit dual-port RAM                                 : 1
# Registers                                            : 1
 8-bit register                                        : 1

=========================================================================

=========================================================================
*                       Advanced HDL Synthesis                          *
=========================================================================


Synthesizing (advanced) Unit <DualAdress_BRAM>.
INFO:Xst:3231 - The small RAM <Mram_memory> will be implemented on LUTs in order to maximize performance and save block RAM resources. If you want to force its implementation on block, use option/constraint ram_style.
    -----------------------------------------------------------------------
    | ram_type           | Distributed                         |          |
    -----------------------------------------------------------------------
    | Port A                                                              |
    |     aspect ratio   | 8-word x 8-bit                      |          |
    |     clkA           | connected to signal <clk>           | rise     |
    |     weA            | connected to internal node          | high     |
    |     addrA          | connected to signal <Awr>           |          |
    |     diA            | connected to signal <Din>           |          |
    -----------------------------------------------------------------------
    | Port B                                                              |
    |     aspect ratio   | 8-word x 8-bit                      |          |
    |     addrB          | connected to signal <Ard>           |          |
    |     doB            | connected to internal node          |          |
    -----------------------------------------------------------------------
Unit <DualAdress_BRAM> synthesized (advanced).

=========================================================================
Advanced HDL Synthesis Report

Macro Statistics
# RAMs                                                 : 1
 8x8-bit dual-port distributed RAM                     : 1
# Registers                                            : 8
 Flip-Flops                                            : 8

=========================================================================

=========================================================================
*                         Low Level Synthesis                           *
=========================================================================

Optimizing unit <Delayline_BRAM> ...

Optimizing unit <DualAdress_BRAM> ...

Mapping all equations...
Building and optimizing final netlist ...
Found area constraint ratio of 100 (+ 5) on block Delayline_BRAM, actual ratio is 0.

Final Macro Processing ...

=========================================================================
Final Register Report

Macro Statistics
# Registers                                            : 8
 Flip-Flops                                            : 8

=========================================================================

=========================================================================
*                           Partition Report                            *
=========================================================================

Partition Implementation Status
-------------------------------

  No Partitions were found in this design.

-------------------------------

=========================================================================
*                            Final Report                               *
=========================================================================
Final Results
RTL Top Level Output File Name     : Delayline_BRAM.ngr
Top Level Output File Name         : Delayline_BRAM
Output Format                      : NGC
Optimization Goal                  : Speed
Keep Hierarchy                     : No

Design Statistics
# IOs                              : 25

Cell Usage :
# BELS                             : 2
#      GND                         : 1
#      VCC                         : 1
# FlipFlops/Latches                : 8
#      FD                          : 8
# RAMS                             : 8
#      RAM16X1D                    : 8
# Clock Buffers                    : 1
#      BUFGP                       : 1
# IO Buffers                       : 16
#      IBUF                        : 8
#      OBUF                        : 8
=========================================================================

Device utilization summary:
---------------------------

Selected Device : 3s200avq100-5 

 Number of Slices:                        0  out of   1792     0%  
 Number of 4 input LUTs:                 16  out of   3584     0%  
    Number used as logic:                 0
    Number used as RAMs:                 16
 Number of IOs:                          25
 Number of bonded IOBs:                  17  out of     68    25%  
    IOB Flip Flops:                       8
 Number of GCLKs:                         1  out of     24     4%  

---------------------------
Partition Resource Summary:
---------------------------

  No Partitions were found in this design.

---------------------------


=========================================================================
TIMING REPORT

NOTE: THESE TIMING NUMBERS ARE ONLY A SYNTHESIS ESTIMATE.
      FOR ACCURATE TIMING INFORMATION PLEASE REFER TO THE TRACE REPORT
      GENERATED AFTER PLACE-and-ROUTE.

Clock Information:
------------------
-----------------------------------+------------------------+-------+
Clock Signal                       | Clock buffer(FF name)  | Load  |
-----------------------------------+------------------------+-------+
clk                                | BUFGP                  | 16    |
-----------------------------------+------------------------+-------+

Asynchronous Control Signals Information:
----------------------------------------
No asynchronous control signals found in this design

Timing Summary:
---------------
Speed Grade: -5

   Minimum period: 1.960ns (Maximum Frequency: 510.204MHz)
   Minimum input arrival time before clock: 1.181ns
   Maximum output required time after clock: 5.248ns
   Maximum combinational path delay: No path found

Timing Detail:
--------------
All values displayed in nanoseconds (ns)

=========================================================================
Timing constraint: Default period analysis for Clock 'clk'
  Clock period: 1.960ns (frequency: 510.204MHz)
  Total number of paths / destination ports: 8 / 8
-------------------------------------------------------------------------
Delay:               1.960ns (Levels of Logic = 0)
  Source:            inst_BRAM/Mram_memory8 (RAM)
  Destination:       inst_BRAM/Dout_7 (FF)
  Source Clock:      clk rising
  Destination Clock: clk rising

  Data Path: inst_BRAM/Mram_memory8 to inst_BRAM/Dout_7
                                Gate     Net
    Cell:in->out      fanout   Delay   Delay  Logical Name (Net Name)
    ----------------------------------------  ------------
     RAM16X1D:WCLK->DPO    1   1.406   0.357  inst_BRAM/Mram_memory8 (inst_BRAM/_varindex0000<7>)
     FD:D                      0.197          inst_BRAM/Dout_7
    ----------------------------------------
    Total                      1.960ns (1.603ns logic, 0.357ns route)
                                       (81.8% logic, 18.2% route)

=========================================================================
Timing constraint: Default OFFSET IN BEFORE for Clock 'clk'
  Total number of paths / destination ports: 8 / 8
-------------------------------------------------------------------------
Offset:              1.181ns (Levels of Logic = 1)
  Source:            input<7> (PAD)
  Destination:       inst_BRAM/Mram_memory8 (RAM)
  Destination Clock: clk rising

  Data Path: input<7> to inst_BRAM/Mram_memory8
                                Gate     Net
    Cell:in->out      fanout   Delay   Delay  Logical Name (Net Name)
    ----------------------------------------  ------------
     IBUF:I->O             1   0.824   0.357  input_7_IBUF (input_7_IBUF)
     RAM16X1D:D               -0.126          inst_BRAM/Mram_memory8
    ----------------------------------------
    Total                      1.181ns (0.824ns logic, 0.357ns route)
                                       (69.8% logic, 30.2% route)

=========================================================================
Timing constraint: Default OFFSET OUT AFTER for Clock 'clk'
  Total number of paths / destination ports: 8 / 8
-------------------------------------------------------------------------
Offset:              5.248ns (Levels of Logic = 1)
  Source:            inst_BRAM/Dout_7 (FF)
  Destination:       output<7> (PAD)
  Source Clock:      clk rising

  Data Path: inst_BRAM/Dout_7 to output<7>
                                Gate     Net
    Cell:in->out      fanout   Delay   Delay  Logical Name (Net Name)
    ----------------------------------------  ------------
     FD:C->Q               1   0.495   0.357  inst_BRAM/Dout_7 (inst_BRAM/Dout_7)
     OBUF:I->O                 4.396          output_7_OBUF (output<7>)
    ----------------------------------------
    Total                      5.248ns (4.891ns logic, 0.357ns route)
                                       (93.2% logic, 6.8% route)

=========================================================================


Total REAL time to Xst completion: 5.00 secs
Total CPU time to Xst completion: 4.70 secs
 
--> 

Total memory usage is 165044 kilobytes

Number of errors   :    0 (   0 filtered)
Number of warnings :    3 (   0 filtered)
Number of infos    :    3 (   0 filtered)

