Release 14.7 Map P.20131013 (nt)
Xilinx Mapping Report File for Design 'DualAdress_BRAM'

Design Information
------------------
Command Line   : map -intstyle ise -p xc3s200a-vq100-5 -timing -logic_opt off
-ol high -xe n -t 1 -register_duplication off -cm area -ir off -pr b -power off
-o DualAdress_BRAM_map.ncd DualAdress_BRAM.ngd DualAdress_BRAM.pcf 
Target Device  : xc3s200a
Target Package : vq100
Target Speed   : -5
Mapper Version : spartan3a -- $Revision: 1.55 $
Mapped Date    : Tue Jun 24 15:51:58 2014

Design Summary
--------------
Number of errors:      0
Number of warnings:    0
Logic Utilization:
  Number of 4 input LUTs:                16 out of   3,584    1%
Logic Distribution:
  Number of occupied Slices:              8 out of   1,792    1%
    Number of Slices containing only related logic:       8 out of       8 100%
    Number of Slices containing unrelated logic:          0 out of       8   0%
      *See NOTES below for an explanation of the effects of unrelated logic.
  Total Number of 4 input LUTs:          16 out of   3,584    1%
    Number used for Dual Port RAMs:      16
      (Two LUTs used per Dual Port RAM)

  The Slice Logic Distribution report is not meaningful if the design is
  over-mapped for a non-slice resource or if Placement fails.

  Number of bonded IOBs:                 24 out of      68   35%
    IOB Flip Flops:                       8
  Number of BUFGMUXs:                     1 out of      24    4%

Average Fanout of Non-Clock Nets:                2.78

Peak Memory Usage:  219 MB
Total REAL time to MAP completion:  7 secs 
Total CPU time to MAP completion:   7 secs 

Table of Contents
-----------------
Section 1 - Errors
Section 2 - Warnings
Section 3 - Informational
Section 4 - Removed Logic Summary
Section 5 - Removed Logic
Section 6 - IOB Properties
Section 7 - RPMs
Section 8 - Guide Report
Section 9 - Area Group and Partition Summary
Section 10 - Timing Report
Section 11 - Configuration String Information
Section 12 - Control Set Information
Section 13 - Utilization by Hierarchy

Section 1 - Errors
------------------

Section 2 - Warnings
--------------------

Section 3 - Informational
-------------------------
INFO:LIT:243 - Logical network Mram_memory1/SPO has no load.
INFO:LIT:395 - The above info message is repeated 7 more times for the following
   (max. 5 shown):
   Mram_memory2/SPO,
   Mram_memory3/SPO,
   Mram_memory4/SPO,
   Mram_memory5/SPO,
   Mram_memory6/SPO
   To see the details of these info messages, please use the -detail switch.
INFO:MapLib:562 - No environment variables are currently set.
INFO:LIT:244 - All of the single ended outputs in this design are using slew
   rate limited output drivers. The delay on speed critical single ended outputs
   can be dramatically reduced by designating them as fast outputs.
INFO:Pack:1716 - Initializing temperature to 85.000 Celsius. (default - Range:
   0.000 to 85.000 Celsius)
INFO:Pack:1720 - Initializing voltage to 1.140 Volts. (default - Range: 1.140 to
   1.260 Volts)
INFO:Pack:1650 - Map created a placed design.

Section 4 - Removed Logic Summary
---------------------------------
   1 block(s) optimized away

Section 5 - Removed Logic
-------------------------

Optimized Block(s):
TYPE 		BLOCK
GND 		XST_GND

Section 6 - IOB Properties
--------------------------

+-------------------------------------------------------------------------------------------------------------------------------------------------------------------------------+
| IOB Name                           | Type             | Direction | IO Standard          | Diff  | Drive    | Slew    | Reg (s)      | Resistor | IBUF/IFD | SUSPEND          |
|                                    |                  |           |                      | Term  | Strength | Rate    |              |          | Delay    |                  |
+-------------------------------------------------------------------------------------------------------------------------------------------------------------------------------+
| Ard<0>                             | IBUF             | INPUT     | LVCMOS25             |       |          |         |              |          | 0 / 0    |                  |
| Ard<1>                             | IBUF             | INPUT     | LVCMOS25             |       |          |         |              |          | 0 / 0    |                  |
| Ard<2>                             | IBUF             | INPUT     | LVCMOS25             |       |          |         |              |          | 0 / 0    |                  |
| Awr<0>                             | IBUF             | INPUT     | LVCMOS25             |       |          |         |              |          | 0 / 0    |                  |
| Awr<1>                             | IBUF             | INPUT     | LVCMOS25             |       |          |         |              |          | 0 / 0    |                  |
| Awr<2>                             | IBUF             | INPUT     | LVCMOS25             |       |          |         |              |          | 0 / 0    |                  |
| Din<0>                             | IBUF             | INPUT     | LVCMOS25             |       |          |         |              |          | 0 / 0    |                  |
| Din<1>                             | IBUF             | INPUT     | LVCMOS25             |       |          |         |              |          | 0 / 0    |                  |
| Din<2>                             | IBUF             | INPUT     | LVCMOS25             |       |          |         |              |          | 0 / 0    |                  |
| Din<3>                             | IBUF             | INPUT     | LVCMOS25             |       |          |         |              |          | 0 / 0    |                  |
| Din<4>                             | IBUF             | INPUT     | LVCMOS25             |       |          |         |              |          | 0 / 0    |                  |
| Din<5>                             | IBUF             | INPUT     | LVCMOS25             |       |          |         |              |          | 0 / 0    |                  |
| Din<6>                             | IBUF             | INPUT     | LVCMOS25             |       |          |         |              |          | 0 / 0    |                  |
| Din<7>                             | IBUF             | INPUT     | LVCMOS25             |       |          |         |              |          | 0 / 0    |                  |
| Dout<0>                            | IOB              | OUTPUT    | LVCMOS25             |       | 12       | SLOW    | OFF1         |          | 0 / 0    | 3STATE           |
| Dout<1>                            | IOB              | OUTPUT    | LVCMOS25             |       | 12       | SLOW    | OFF1         |          | 0 / 0    | 3STATE           |
| Dout<2>                            | IOB              | OUTPUT    | LVCMOS25             |       | 12       | SLOW    | OFF1         |          | 0 / 0    | 3STATE           |
| Dout<3>                            | IOB              | OUTPUT    | LVCMOS25             |       | 12       | SLOW    | OFF1         |          | 0 / 0    | 3STATE           |
| Dout<4>                            | IOB              | OUTPUT    | LVCMOS25             |       | 12       | SLOW    | OFF1         |          | 0 / 0    | 3STATE           |
| Dout<5>                            | IOB              | OUTPUT    | LVCMOS25             |       | 12       | SLOW    | OFF1         |          | 0 / 0    | 3STATE           |
| Dout<6>                            | IOB              | OUTPUT    | LVCMOS25             |       | 12       | SLOW    | OFF1         |          | 0 / 0    | 3STATE           |
| Dout<7>                            | IOB              | OUTPUT    | LVCMOS25             |       | 12       | SLOW    | OFF1         |          | 0 / 0    | 3STATE           |
| Write                              | IBUF             | INPUT     | LVCMOS25             |       |          |         |              |          | 0 / 0    |                  |
| clk                                | IBUF             | INPUT     | LVCMOS25             |       |          |         |              |          | 0 / 0    |                  |
+-------------------------------------------------------------------------------------------------------------------------------------------------------------------------------+

Section 7 - RPMs
----------------

Section 8 - Guide Report
------------------------
Guide not run on this design.

Section 9 - Area Group and Partition Summary
--------------------------------------------

Partition Implementation Status
-------------------------------

  No Partitions were found in this design.

-------------------------------

Area Group Information
----------------------

  No area groups were found in this design.

----------------------

Section 10 - Timing Report
--------------------------
A logic-level (pre-route) timing report can be generated by using Xilinx static
timing analysis tools, Timing Analyzer (GUI) or TRCE (command line), with the
mapped NCD and PCF files. Please note that this timing report will be generated
using estimated delay information. For accurate numbers, please generate a
timing report with the post Place and Route NCD file.

For more information about the Timing Analyzer, consult the Xilinx Timing
Analyzer Reference Manual; for more information about TRCE, consult the Xilinx
Command Line Tools User Guide "TRACE" chapter.

Section 11 - Configuration String Details
-----------------------------------------
Use the "-detail" map option to print out Configuration Strings

Section 12 - Control Set Information
------------------------------------
No control set information for this architecture.

Section 13 - Utilization by Hierarchy
-------------------------------------
Use the "-detail" map option to print out the Utilization by Hierarchy section.
