ISim log file
Running: D:\ADAT DeEncoder\ADAT_De-Encoder\tb_ADAT_Dekoder_isim_beh.exe -intstyle ise -gui -tclbatch isim.cmd -wdb D:/ADAT DeEncoder/ADAT_De-Encoder/tb_ADAT_Dekoder_isim_beh.wdb 
ISim P.20131013 (signature 0x8ef4fb42)
----------------------------------------------------------------------
INFO:Security:50 - The XILINXD_LICENSE_FILE environment variable is set to '27000@liccenter.zim.uni-wuppertal.de'.
INFO:Security:52 - The LM_LICENSE_FILE environment variable is set to '27000@liccenter.zim.uni-wuppertal.de'.
WARNING:Security:43 - No license file was found in the standard Xilinx license directory.
WARNING:Security:44 - Since no license file was found,
       please run the Xilinx License Configuration Manager
       (xlcm or "Manage Xilinx Licenses")
       to assist in obtaining a license.
WARNING:Security:42 - Your license support version '2014.12' for ISIM expires in 13 days after which you will not qualify for Xilinx software updates or new releases.


----------------------------------------------------------------------
This is a Full version of ISim.
Time resolution is 1 ps
# onerror resume
# wave add /
# run 1000 ns
Simulator is doing circuit initialization process.
Finished circuit initialization process.
# run 1000us
